mode: set
/mnt/c/Workspace/FullCycle/course-activities/03_Integracao_Continua/sonarqube/go/sum.go:5.13,7.2 1 0
/mnt/c/Workspace/FullCycle/course-activities/03_Integracao_Continua/sonarqube/go/sum.go:9.28,11.2 1 1
/mnt/c/Workspace/FullCycle/course-activities/03_Integracao_Continua/sonarqube/go/sum.go:13.28,15.2 1 0
/mnt/c/Workspace/FullCycle/course-activities/03_Integracao_Continua/sonarqube/go/sum.go:17.30,19.2 1 0
/mnt/c/Workspace/FullCycle/course-activities/03_Integracao_Continua/sonarqube/go/sum.go:21.28,23.2 1 0
